<?xml version="1.0" encoding="UTF-8"?>
<testsuite name="com.kodilla.stream.world.WorldTestSuite" tests="2" skipped="0" failures="0" errors="0" timestamp="2019-06-22T14:08:53" hostname="DESKTOP-C5VMB65" time="0.006">
  <properties/>
  <testcase name="testGetPeopleQuantityZero" classname="com.kodilla.stream.world.WorldTestSuite" time="0.005"/>
  <testcase name="testGetPeopleQuantity" classname="com.kodilla.stream.world.WorldTestSuite" time="0.001"/>
  <system-out><![CDATA[]]></system-out>
  <system-err><![CDATA[]]></system-err>
</testsuite>
