<?xml version="1.0" encoding="UTF-8"?>
<testsuite name="com.kodilla.spring.portfolio.BoardTestSuite" tests="1" skipped="0" failures="0" errors="0" timestamp="2019-06-26T19:29:08" hostname="DESKTOP-C5VMB65" time="0.022">
  <properties/>
  <testcase name="testAddTask" classname="com.kodilla.spring.portfolio.BoardTestSuite" time="0.022"/>
  <system-out><![CDATA[]]></system-out>
  <system-err><![CDATA[]]></system-err>
</testsuite>
