<?xml version="1.0" encoding="UTF-8"?>
<testsuite name="com.kodilla.testing.library.BookDirectoryTestSuite" tests="6" skipped="0" failures="0" errors="0" timestamp="2019-05-01T20:09:16" hostname="DESKTOP-C5VMB65" time="0.103">
  <properties/>
  <testcase name="testListBooksInHandsOf_BorrowedZeroBooks" classname="com.kodilla.testing.library.BookDirectoryTestSuite" time="0.083"/>
  <testcase name="testListBooksWithConditionFragmentShorterThan3" classname="com.kodilla.testing.library.BookDirectoryTestSuite" time="0.009"/>
  <testcase name="testListBooksWithConditionMoreThan20" classname="com.kodilla.testing.library.BookDirectoryTestSuite" time="0.002"/>
  <testcase name="testListBooksWithConditionsReturnList" classname="com.kodilla.testing.library.BookDirectoryTestSuite" time="0.0"/>
  <testcase name="testListBooksInHandsOf_BorrowedOneBooks" classname="com.kodilla.testing.library.BookDirectoryTestSuite" time="0.003"/>
  <testcase name="testListBooksInHandsOf_BorrowedFiveBooks" classname="com.kodilla.testing.library.BookDirectoryTestSuite" time="0.002"/>
  <system-out><![CDATA[]]></system-out>
  <system-err><![CDATA[]]></system-err>
</testsuite>
