<?xml version="1.0" encoding="UTF-8"?>
<testsuite name="FlightServiceTest" tests="3" skipped="0" failures="0" errors="0" timestamp="2019-06-22T13:32:59" hostname="DESKTOP-C5VMB65" time="0.025">
  <properties/>
  <testcase name="flightFromTest" classname="FlightServiceTest" time="0.021"/>
  <testcase name="flightByTest" classname="FlightServiceTest" time="0.003"/>
  <testcase name="flightToTest" classname="FlightServiceTest" time="0.001"/>
  <system-out><![CDATA[]]></system-out>
  <system-err><![CDATA[]]></system-err>
</testsuite>
