<?xml version="1.0" encoding="UTF-8"?>
<testsuite name="com.kodilla.spring.intro.shape.DrawerTestSuite" tests="2" skipped="0" failures="0" errors="0" timestamp="2019-06-22T14:08:50" hostname="DESKTOP-C5VMB65" time="0.009">
  <properties/>
  <testcase name="testDoDrawningWithCircle" classname="com.kodilla.spring.intro.shape.DrawerTestSuite" time="0.007"/>
  <testcase name="testDoDrawingWithCircle" classname="com.kodilla.spring.intro.shape.DrawerTestSuite" time="0.001"/>
  <system-out><![CDATA[This is a triangle
This is a circle
]]></system-out>
  <system-err><![CDATA[]]></system-err>
</testsuite>
